31/05/2021 23:43:55 [MainThread] [DEBUG]:  Starting new HTTPS connection (1): en.calameo.com:443
31/05/2021 23:43:55 [MainThread] [DEBUG]:  https://en.calameo.com:443 "GET /read/000373495093d2254106a HTTP/1.1" 200 1807
31/05/2021 23:43:55 [MainThread] [INFO]:  Successfully registerd Baking Jun_Jul 2017 containing 88 pages
31/05/2021 23:43:55 [MainThread] [DEBUG]:  Starting new HTTPS connection (1): p.calameoassets.com:443
31/05/2021 23:43:55 [MainThread] [DEBUG]:  https://p.calameoassets.com:443 "GET /170614075448-92158f28f96abc88c23df5cb5202be69/p1.jpg HTTP/1.1" 200 218386
31/05/2021 23:43:55 [MainThread] [DEBUG]:  https://p.calameoassets.com:443 "GET /170614075448-92158f28f96abc88c23df5cb5202be69/p2.jpg HTTP/1.1" 200 307617
31/05/2021 23:43:55 [MainThread] [DEBUG]:  https://p.calameoassets.com:443 "GET /170614075448-92158f28f96abc88c23df5cb5202be69/p3.jpg HTTP/1.1" 200 219493
31/05/2021 23:43:55 [MainThread] [DEBUG]:  https://p.calameoassets.com:443 "GET /170614075448-92158f28f96abc88c23df5cb5202be69/p4.jpg HTTP/1.1" 200 230381
31/05/2021 23:43:55 [MainThread] [DEBUG]:  https://p.calameoassets.com:443 "GET /170614075448-92158f28f96abc88c23df5cb5202be69/p5.jpg HTTP/1.1" 200 435719
31/05/2021 23:43:55 [MainThread] [DEBUG]:  https://p.calameoassets.com:443 "GET /170614075448-92158f28f96abc88c23df5cb5202be69/p6.jpg HTTP/1.1" 200 160218
31/05/2021 23:43:55 [MainThread] [DEBUG]:  https://p.calameoassets.com:443 "GET /170614075448-92158f28f96abc88c23df5cb5202be69/p7.jpg HTTP/1.1" 200 245329
31/05/2021 23:43:55 [MainThread] [DEBUG]:  https://p.calameoassets.com:443 "GET /170614075448-92158f28f96abc88c23df5cb5202be69/p8.jpg HTTP/1.1" 200 83909
31/05/2021 23:43:55 [MainThread] [DEBUG]:  https://p.calameoassets.com:443 "GET /170614075448-92158f28f96abc88c23df5cb5202be69/p9.jpg HTTP/1.1" 200 280649
31/05/2021 23:43:55 [MainThread] [DEBUG]:  https://p.calameoassets.com:443 "GET /170614075448-92158f28f96abc88c23df5cb5202be69/p10.jpg HTTP/1.1" 200 320466
31/05/2021 23:43:55 [MainThread] [DEBUG]:  https://p.calameoassets.com:443 "GET /170614075448-92158f28f96abc88c23df5cb5202be69/p11.jpg HTTP/1.1" 200 148989
31/05/2021 23:43:55 [MainThread] [DEBUG]:  https://p.calameoassets.com:443 "GET /170614075448-92158f28f96abc88c23df5cb5202be69/p12.jpg HTTP/1.1" 200 167239
31/05/2021 23:43:55 [MainThread] [DEBUG]:  https://p.calameoassets.com:443 "GET /170614075448-92158f28f96abc88c23df5cb5202be69/p13.jpg HTTP/1.1" 200 264309
31/05/2021 23:43:55 [MainThread] [DEBUG]:  https://p.calameoassets.com:443 "GET /170614075448-92158f28f96abc88c23df5cb5202be69/p14.jpg HTTP/1.1" 200 301894
31/05/2021 23:43:55 [MainThread] [DEBUG]:  https://p.calameoassets.com:443 "GET /170614075448-92158f28f96abc88c23df5cb5202be69/p15.jpg HTTP/1.1" 200 258459
31/05/2021 23:43:55 [MainThread] [DEBUG]:  https://p.calameoassets.com:443 "GET /170614075448-92158f28f96abc88c23df5cb5202be69/p16.jpg HTTP/1.1" 200 317407
31/05/2021 23:43:55 [MainThread] [DEBUG]:  https://p.calameoassets.com:443 "GET /170614075448-92158f28f96abc88c23df5cb5202be69/p17.jpg HTTP/1.1" 200 246692
31/05/2021 23:43:55 [MainThread] [DEBUG]:  https://p.calameoassets.com:443 "GET /170614075448-92158f28f96abc88c23df5cb5202be69/p18.jpg HTTP/1.1" 200 301591
31/05/2021 23:43:55 [MainThread] [DEBUG]:  https://p.calameoassets.com:443 "GET /170614075448-92158f28f96abc88c23df5cb5202be69/p19.jpg HTTP/1.1" 200 323207
31/05/2021 23:43:55 [MainThread] [DEBUG]:  https://p.calameoassets.com:443 "GET /170614075448-92158f28f96abc88c23df5cb5202be69/p20.jpg HTTP/1.1" 200 140983
31/05/2021 23:43:55 [MainThread] [DEBUG]:  https://p.calameoassets.com:443 "GET /170614075448-92158f28f96abc88c23df5cb5202be69/p21.jpg HTTP/1.1" 200 112994
31/05/2021 23:43:55 [MainThread] [DEBUG]:  https://p.calameoassets.com:443 "GET /170614075448-92158f28f96abc88c23df5cb5202be69/p22.jpg HTTP/1.1" 200 285685
31/05/2021 23:43:55 [MainThread] [DEBUG]:  https://p.calameoassets.com:443 "GET /170614075448-92158f28f96abc88c23df5cb5202be69/p23.jpg HTTP/1.1" 200 234489
31/05/2021 23:43:55 [MainThread] [DEBUG]:  https://p.calameoassets.com:443 "GET /170614075448-92158f28f96abc88c23df5cb5202be69/p24.jpg HTTP/1.1" 200 210683
31/05/2021 23:43:55 [MainThread] [DEBUG]:  https://p.calameoassets.com:443 "GET /170614075448-92158f28f96abc88c23df5cb5202be69/p25.jpg HTTP/1.1" 200 273917
31/05/2021 23:43:56 [MainThread] [DEBUG]:  https://p.calameoassets.com:443 "GET /170614075448-92158f28f96abc88c23df5cb5202be69/p26.jpg HTTP/1.1" 200 292331
31/05/2021 23:43:56 [MainThread] [DEBUG]:  https://p.calameoassets.com:443 "GET /170614075448-92158f28f96abc88c23df5cb5202be69/p27.jpg HTTP/1.1" 200 255894
31/05/2021 23:43:56 [MainThread] [DEBUG]:  https://p.calameoassets.com:443 "GET /170614075448-92158f28f96abc88c23df5cb5202be69/p28.jpg HTTP/1.1" 200 243675
31/05/2021 23:43:56 [MainThread] [DEBUG]:  https://p.calameoassets.com:443 "GET /170614075448-92158f28f96abc88c23df5cb5202be69/p29.jpg HTTP/1.1" 200 256414
31/05/2021 23:43:56 [MainThread] [DEBUG]:  https://p.calameoassets.com:443 "GET /170614075448-92158f28f96abc88c23df5cb5202be69/p30.jpg HTTP/1.1" 200 233490
31/05/2021 23:43:56 [MainThread] [DEBUG]:  https://p.calameoassets.com:443 "GET /170614075448-92158f28f96abc88c23df5cb5202be69/p31.jpg HTTP/1.1" 200 245872
31/05/2021 23:43:56 [MainThread] [DEBUG]:  https://p.calameoassets.com:443 "GET /170614075448-92158f28f96abc88c23df5cb5202be69/p32.jpg HTTP/1.1" 200 194969
31/05/2021 23:43:56 [MainThread] [DEBUG]:  https://p.calameoassets.com:443 "GET /170614075448-92158f28f96abc88c23df5cb5202be69/p33.jpg HTTP/1.1" 200 259035
31/05/2021 23:43:56 [MainThread] [DEBUG]:  https://p.calameoassets.com:443 "GET /170614075448-92158f28f96abc88c23df5cb5202be69/p34.jpg HTTP/1.1" 200 184100
31/05/2021 23:43:56 [MainThread] [DEBUG]:  https://p.calameoassets.com:443 "GET /170614075448-92158f28f96abc88c23df5cb5202be69/p35.jpg HTTP/1.1" 200 209936
31/05/2021 23:43:56 [MainThread] [DEBUG]:  https://p.calameoassets.com:443 "GET /170614075448-92158f28f96abc88c23df5cb5202be69/p36.jpg HTTP/1.1" 200 251913
31/05/2021 23:43:56 [MainThread] [DEBUG]:  https://p.calameoassets.com:443 "GET /170614075448-92158f28f96abc88c23df5cb5202be69/p37.jpg HTTP/1.1" 200 226018
31/05/2021 23:43:56 [MainThread] [DEBUG]:  https://p.calameoassets.com:443 "GET /170614075448-92158f28f96abc88c23df5cb5202be69/p38.jpg HTTP/1.1" 200 239823
31/05/2021 23:43:56 [MainThread] [DEBUG]:  https://p.calameoassets.com:443 "GET /170614075448-92158f28f96abc88c23df5cb5202be69/p39.jpg HTTP/1.1" 200 187531
31/05/2021 23:43:56 [MainThread] [DEBUG]:  https://p.calameoassets.com:443 "GET /170614075448-92158f28f96abc88c23df5cb5202be69/p40.jpg HTTP/1.1" 200 278223
31/05/2021 23:43:56 [MainThread] [DEBUG]:  https://p.calameoassets.com:443 "GET /170614075448-92158f28f96abc88c23df5cb5202be69/p41.jpg HTTP/1.1" 200 134614
31/05/2021 23:43:56 [MainThread] [DEBUG]:  https://p.calameoassets.com:443 "GET /170614075448-92158f28f96abc88c23df5cb5202be69/p42.jpg HTTP/1.1" 200 188269
31/05/2021 23:43:56 [MainThread] [DEBUG]:  https://p.calameoassets.com:443 "GET /170614075448-92158f28f96abc88c23df5cb5202be69/p43.jpg HTTP/1.1" 200 272763
31/05/2021 23:43:56 [MainThread] [DEBUG]:  https://p.calameoassets.com:443 "GET /170614075448-92158f28f96abc88c23df5cb5202be69/p44.jpg HTTP/1.1" 200 413059
31/05/2021 23:43:56 [MainThread] [DEBUG]:  https://p.calameoassets.com:443 "GET /170614075448-92158f28f96abc88c23df5cb5202be69/p45.jpg HTTP/1.1" 200 212344
31/05/2021 23:43:56 [MainThread] [DEBUG]:  https://p.calameoassets.com:443 "GET /170614075448-92158f28f96abc88c23df5cb5202be69/p46.jpg HTTP/1.1" 200 398892
31/05/2021 23:43:56 [MainThread] [DEBUG]:  https://p.calameoassets.com:443 "GET /170614075448-92158f28f96abc88c23df5cb5202be69/p47.jpg HTTP/1.1" 200 267383
31/05/2021 23:43:56 [MainThread] [DEBUG]:  https://p.calameoassets.com:443 "GET /170614075448-92158f28f96abc88c23df5cb5202be69/p48.jpg HTTP/1.1" 200 190757
31/05/2021 23:43:56 [MainThread] [DEBUG]:  https://p.calameoassets.com:443 "GET /170614075448-92158f28f96abc88c23df5cb5202be69/p49.jpg HTTP/1.1" 200 295541
31/05/2021 23:43:56 [MainThread] [DEBUG]:  https://p.calameoassets.com:443 "GET /170614075448-92158f28f96abc88c23df5cb5202be69/p50.jpg HTTP/1.1" 200 391522
31/05/2021 23:43:56 [MainThread] [DEBUG]:  https://p.calameoassets.com:443 "GET /170614075448-92158f28f96abc88c23df5cb5202be69/p51.jpg HTTP/1.1" 200 163799
31/05/2021 23:43:56 [MainThread] [DEBUG]:  https://p.calameoassets.com:443 "GET /170614075448-92158f28f96abc88c23df5cb5202be69/p52.jpg HTTP/1.1" 200 152385
31/05/2021 23:43:56 [MainThread] [DEBUG]:  https://p.calameoassets.com:443 "GET /170614075448-92158f28f96abc88c23df5cb5202be69/p53.jpg HTTP/1.1" 200 216481
31/05/2021 23:43:56 [MainThread] [DEBUG]:  https://p.calameoassets.com:443 "GET /170614075448-92158f28f96abc88c23df5cb5202be69/p54.jpg HTTP/1.1" 200 152133
31/05/2021 23:43:56 [MainThread] [DEBUG]:  https://p.calameoassets.com:443 "GET /170614075448-92158f28f96abc88c23df5cb5202be69/p55.jpg HTTP/1.1" 200 198035
31/05/2021 23:43:56 [MainThread] [DEBUG]:  https://p.calameoassets.com:443 "GET /170614075448-92158f28f96abc88c23df5cb5202be69/p56.jpg HTTP/1.1" 200 208139
31/05/2021 23:43:56 [MainThread] [DEBUG]:  https://p.calameoassets.com:443 "GET /170614075448-92158f28f96abc88c23df5cb5202be69/p57.jpg HTTP/1.1" 200 130989
31/05/2021 23:43:56 [MainThread] [DEBUG]:  https://p.calameoassets.com:443 "GET /170614075448-92158f28f96abc88c23df5cb5202be69/p58.jpg HTTP/1.1" 200 193087
31/05/2021 23:43:56 [MainThread] [DEBUG]:  https://p.calameoassets.com:443 "GET /170614075448-92158f28f96abc88c23df5cb5202be69/p59.jpg HTTP/1.1" 200 271466
31/05/2021 23:43:56 [MainThread] [DEBUG]:  https://p.calameoassets.com:443 "GET /170614075448-92158f28f96abc88c23df5cb5202be69/p60.jpg HTTP/1.1" 200 151871
31/05/2021 23:43:56 [MainThread] [DEBUG]:  https://p.calameoassets.com:443 "GET /170614075448-92158f28f96abc88c23df5cb5202be69/p61.jpg HTTP/1.1" 200 198516
31/05/2021 23:43:56 [MainThread] [DEBUG]:  https://p.calameoassets.com:443 "GET /170614075448-92158f28f96abc88c23df5cb5202be69/p62.jpg HTTP/1.1" 200 280430
31/05/2021 23:43:56 [MainThread] [DEBUG]:  https://p.calameoassets.com:443 "GET /170614075448-92158f28f96abc88c23df5cb5202be69/p63.jpg HTTP/1.1" 200 309995
31/05/2021 23:43:56 [MainThread] [DEBUG]:  https://p.calameoassets.com:443 "GET /170614075448-92158f28f96abc88c23df5cb5202be69/p64.jpg HTTP/1.1" 200 213998
31/05/2021 23:43:56 [MainThread] [DEBUG]:  https://p.calameoassets.com:443 "GET /170614075448-92158f28f96abc88c23df5cb5202be69/p65.jpg HTTP/1.1" 200 344575
31/05/2021 23:43:56 [MainThread] [DEBUG]:  https://p.calameoassets.com:443 "GET /170614075448-92158f28f96abc88c23df5cb5202be69/p66.jpg HTTP/1.1" 200 281346
31/05/2021 23:43:56 [MainThread] [DEBUG]:  https://p.calameoassets.com:443 "GET /170614075448-92158f28f96abc88c23df5cb5202be69/p67.jpg HTTP/1.1" 200 214688
31/05/2021 23:43:56 [MainThread] [DEBUG]:  https://p.calameoassets.com:443 "GET /170614075448-92158f28f96abc88c23df5cb5202be69/p68.jpg HTTP/1.1" 200 356330
31/05/2021 23:43:57 [MainThread] [DEBUG]:  https://p.calameoassets.com:443 "GET /170614075448-92158f28f96abc88c23df5cb5202be69/p69.jpg HTTP/1.1" 200 232028
31/05/2021 23:43:57 [MainThread] [DEBUG]:  https://p.calameoassets.com:443 "GET /170614075448-92158f28f96abc88c23df5cb5202be69/p70.jpg HTTP/1.1" 200 216839
31/05/2021 23:43:57 [MainThread] [DEBUG]:  https://p.calameoassets.com:443 "GET /170614075448-92158f28f96abc88c23df5cb5202be69/p71.jpg HTTP/1.1" 200 252881
31/05/2021 23:43:57 [MainThread] [DEBUG]:  https://p.calameoassets.com:443 "GET /170614075448-92158f28f96abc88c23df5cb5202be69/p72.jpg HTTP/1.1" 200 246628
31/05/2021 23:43:57 [MainThread] [DEBUG]:  https://p.calameoassets.com:443 "GET /170614075448-92158f28f96abc88c23df5cb5202be69/p73.jpg HTTP/1.1" 200 348977
31/05/2021 23:43:57 [MainThread] [DEBUG]:  https://p.calameoassets.com:443 "GET /170614075448-92158f28f96abc88c23df5cb5202be69/p74.jpg HTTP/1.1" 200 276228
31/05/2021 23:43:57 [MainThread] [DEBUG]:  https://p.calameoassets.com:443 "GET /170614075448-92158f28f96abc88c23df5cb5202be69/p75.jpg HTTP/1.1" 200 198889
31/05/2021 23:43:57 [MainThread] [DEBUG]:  https://p.calameoassets.com:443 "GET /170614075448-92158f28f96abc88c23df5cb5202be69/p76.jpg HTTP/1.1" 200 251935
31/05/2021 23:43:57 [MainThread] [DEBUG]:  https://p.calameoassets.com:443 "GET /170614075448-92158f28f96abc88c23df5cb5202be69/p77.jpg HTTP/1.1" 200 273469
31/05/2021 23:43:57 [MainThread] [DEBUG]:  https://p.calameoassets.com:443 "GET /170614075448-92158f28f96abc88c23df5cb5202be69/p78.jpg HTTP/1.1" 200 233646
31/05/2021 23:43:57 [MainThread] [DEBUG]:  https://p.calameoassets.com:443 "GET /170614075448-92158f28f96abc88c23df5cb5202be69/p79.jpg HTTP/1.1" 200 179991
31/05/2021 23:43:57 [MainThread] [DEBUG]:  https://p.calameoassets.com:443 "GET /170614075448-92158f28f96abc88c23df5cb5202be69/p80.jpg HTTP/1.1" 200 252496
31/05/2021 23:43:57 [MainThread] [DEBUG]:  https://p.calameoassets.com:443 "GET /170614075448-92158f28f96abc88c23df5cb5202be69/p81.jpg HTTP/1.1" 200 309103
31/05/2021 23:43:57 [MainThread] [DEBUG]:  https://p.calameoassets.com:443 "GET /170614075448-92158f28f96abc88c23df5cb5202be69/p82.jpg HTTP/1.1" 200 201988
31/05/2021 23:43:57 [MainThread] [DEBUG]:  https://p.calameoassets.com:443 "GET /170614075448-92158f28f96abc88c23df5cb5202be69/p83.jpg HTTP/1.1" 200 190550
31/05/2021 23:43:57 [MainThread] [DEBUG]:  https://p.calameoassets.com:443 "GET /170614075448-92158f28f96abc88c23df5cb5202be69/p84.jpg HTTP/1.1" 200 316314
31/05/2021 23:43:57 [MainThread] [DEBUG]:  https://p.calameoassets.com:443 "GET /170614075448-92158f28f96abc88c23df5cb5202be69/p85.jpg HTTP/1.1" 200 302304
31/05/2021 23:43:57 [MainThread] [DEBUG]:  https://p.calameoassets.com:443 "GET /170614075448-92158f28f96abc88c23df5cb5202be69/p86.jpg HTTP/1.1" 200 185296
31/05/2021 23:43:57 [MainThread] [DEBUG]:  https://p.calameoassets.com:443 "GET /170614075448-92158f28f96abc88c23df5cb5202be69/p87.jpg HTTP/1.1" 200 211774
31/05/2021 23:43:57 [MainThread] [DEBUG]:  https://p.calameoassets.com:443 "GET /170614075448-92158f28f96abc88c23df5cb5202be69/p88.jpg HTTP/1.1" 200 190063
31/05/2021 23:43:57 [MainThread] [INFO]:  Images successfully downloaded 88/88
31/05/2021 23:44:07 [MainThread] [INFO]:  Images successfully converted in PDF book
31/05/2021 23:44:07 [MainThread] [INFO]:  Cleanup done
31/05/2021 23:44:07 [MainThread] [DEBUG]:  Starting new HTTPS connection (1): en.calameo.com:443
31/05/2021 23:44:07 [MainThread] [DEBUG]:  https://en.calameo.com:443 "GET /read/00515578257cf4def23cd HTTP/1.1" 200 1808
31/05/2021 23:44:08 [MainThread] [DEBUG]:  EUC-TW Taiwan prober hit error at byte 1560
31/05/2021 23:44:08 [MainThread] [DEBUG]:  utf-8  confidence = 0.938125
31/05/2021 23:44:08 [MainThread] [DEBUG]:  SHIFT_JIS Japanese confidence = 0.01
31/05/2021 23:44:08 [MainThread] [DEBUG]:  EUC-JP Japanese confidence = 0.01
31/05/2021 23:44:08 [MainThread] [DEBUG]:  GB2312 Chinese confidence = 0.01
31/05/2021 23:44:08 [MainThread] [DEBUG]:  EUC-KR Korean confidence = 0.01
31/05/2021 23:44:08 [MainThread] [DEBUG]:  CP949 Korean confidence = 0.01
31/05/2021 23:44:08 [MainThread] [DEBUG]:  Big5 Chinese confidence = 0.01
31/05/2021 23:44:08 [MainThread] [DEBUG]:  EUC-TW not active
31/05/2021 23:44:08 [MainThread] [DEBUG]:  windows-1251 Russian confidence = 0.01
31/05/2021 23:44:08 [MainThread] [DEBUG]:  KOI8-R Russian confidence = 0.01
31/05/2021 23:44:08 [MainThread] [DEBUG]:  ISO-8859-5 Russian confidence = 0.01
31/05/2021 23:44:08 [MainThread] [DEBUG]:  MacCyrillic Russian confidence = 0.01
31/05/2021 23:44:08 [MainThread] [DEBUG]:  IBM866 Russian confidence = 0.01
31/05/2021 23:44:08 [MainThread] [DEBUG]:  IBM855 Russian confidence = 0.01
31/05/2021 23:44:08 [MainThread] [DEBUG]:  ISO-8859-7 Greek confidence = 0.01
31/05/2021 23:44:08 [MainThread] [DEBUG]:  windows-1253 Greek confidence = 0.01
31/05/2021 23:44:08 [MainThread] [DEBUG]:  ISO-8859-5 Bulgarian confidence = 0.01
31/05/2021 23:44:08 [MainThread] [DEBUG]:  windows-1251 Bulgarian confidence = 0.01
31/05/2021 23:44:08 [MainThread] [DEBUG]:  TIS-620 Thai confidence = 0.0
31/05/2021 23:44:08 [MainThread] [DEBUG]:  ISO-8859-9 Turkish confidence = 0.4910184896857335
31/05/2021 23:44:08 [MainThread] [DEBUG]:  windows-1255 Hebrew confidence = 0.0
31/05/2021 23:44:08 [MainThread] [DEBUG]:  windows-1255 Hebrew confidence = 0.0
31/05/2021 23:44:08 [MainThread] [DEBUG]:  windows-1255 Hebrew confidence = 0.0
31/05/2021 23:44:08 [MainThread] [DEBUG]:  utf-8  confidence = 0.938125
31/05/2021 23:44:08 [MainThread] [DEBUG]:  SHIFT_JIS Japanese confidence = 0.01
31/05/2021 23:44:08 [MainThread] [DEBUG]:  EUC-JP Japanese confidence = 0.01
31/05/2021 23:44:08 [MainThread] [DEBUG]:  GB2312 Chinese confidence = 0.01
31/05/2021 23:44:08 [MainThread] [DEBUG]:  EUC-KR Korean confidence = 0.01
31/05/2021 23:44:08 [MainThread] [DEBUG]:  CP949 Korean confidence = 0.01
31/05/2021 23:44:08 [MainThread] [DEBUG]:  Big5 Chinese confidence = 0.01
31/05/2021 23:44:08 [MainThread] [DEBUG]:  EUC-TW not active
31/05/2021 23:44:08 [MainThread] [INFO]:  Successfully registerd Th9 - Street Food containing 20 pages
31/05/2021 23:44:08 [MainThread] [DEBUG]:  Starting new HTTPS connection (1): p.calameoassets.com:443
31/05/2021 23:46:18 [MainThread] [DEBUG]:  https://p.calameoassets.com:443 "GET /170705151154-7edec46e3ad764e2b3960d4e0090136b/p1.jpg HTTP/1.1" 200 166552
31/05/2021 23:46:18 [MainThread] [DEBUG]:  https://p.calameoassets.com:443 "GET /170705151154-7edec46e3ad764e2b3960d4e0090136b/p2.jpg HTTP/1.1" 200 248999
31/05/2021 23:46:18 [MainThread] [DEBUG]:  https://p.calameoassets.com:443 "GET /170705151154-7edec46e3ad764e2b3960d4e0090136b/p3.jpg HTTP/1.1" 200 283517
31/05/2021 23:46:18 [MainThread] [DEBUG]:  https://p.calameoassets.com:443 "GET /170705151154-7edec46e3ad764e2b3960d4e0090136b/p4.jpg HTTP/1.1" 200 203569
31/05/2021 23:46:18 [MainThread] [DEBUG]:  https://p.calameoassets.com:443 "GET /170705151154-7edec46e3ad764e2b3960d4e0090136b/p5.jpg HTTP/1.1" 200 347256
31/05/2021 23:46:18 [MainThread] [DEBUG]:  https://p.calameoassets.com:443 "GET /170705151154-7edec46e3ad764e2b3960d4e0090136b/p6.jpg HTTP/1.1" 200 311965
31/05/2021 23:46:18 [MainThread] [DEBUG]:  https://p.calameoassets.com:443 "GET /170705151154-7edec46e3ad764e2b3960d4e0090136b/p7.jpg HTTP/1.1" 200 281060
31/05/2021 23:46:18 [MainThread] [DEBUG]:  https://p.calameoassets.com:443 "GET /170705151154-7edec46e3ad764e2b3960d4e0090136b/p8.jpg HTTP/1.1" 200 267687
31/05/2021 23:46:18 [MainThread] [DEBUG]:  https://p.calameoassets.com:443 "GET /170705151154-7edec46e3ad764e2b3960d4e0090136b/p9.jpg HTTP/1.1" 200 334181
31/05/2021 23:46:18 [MainThread] [DEBUG]:  https://p.calameoassets.com:443 "GET /170705151154-7edec46e3ad764e2b3960d4e0090136b/p10.jpg HTTP/1.1" 200 227905
31/05/2021 23:46:18 [MainThread] [DEBUG]:  https://p.calameoassets.com:443 "GET /170705151154-7edec46e3ad764e2b3960d4e0090136b/p11.jpg HTTP/1.1" 200 307816
31/05/2021 23:46:18 [MainThread] [DEBUG]:  https://p.calameoassets.com:443 "GET /170705151154-7edec46e3ad764e2b3960d4e0090136b/p12.jpg HTTP/1.1" 200 263190
31/05/2021 23:46:18 [MainThread] [DEBUG]:  https://p.calameoassets.com:443 "GET /170705151154-7edec46e3ad764e2b3960d4e0090136b/p13.jpg HTTP/1.1" 200 206192
31/05/2021 23:46:18 [MainThread] [DEBUG]:  https://p.calameoassets.com:443 "GET /170705151154-7edec46e3ad764e2b3960d4e0090136b/p14.jpg HTTP/1.1" 200 244774
31/05/2021 23:46:19 [MainThread] [DEBUG]:  https://p.calameoassets.com:443 "GET /170705151154-7edec46e3ad764e2b3960d4e0090136b/p15.jpg HTTP/1.1" 200 229718
31/05/2021 23:46:19 [MainThread] [DEBUG]:  https://p.calameoassets.com:443 "GET /170705151154-7edec46e3ad764e2b3960d4e0090136b/p16.jpg HTTP/1.1" 200 227488
31/05/2021 23:46:19 [MainThread] [DEBUG]:  https://p.calameoassets.com:443 "GET /170705151154-7edec46e3ad764e2b3960d4e0090136b/p17.jpg HTTP/1.1" 200 306134
31/05/2021 23:46:19 [MainThread] [DEBUG]:  https://p.calameoassets.com:443 "GET /170705151154-7edec46e3ad764e2b3960d4e0090136b/p18.jpg HTTP/1.1" 200 276756
31/05/2021 23:46:19 [MainThread] [DEBUG]:  https://p.calameoassets.com:443 "GET /170705151154-7edec46e3ad764e2b3960d4e0090136b/p19.jpg HTTP/1.1" 200 289931
31/05/2021 23:46:19 [MainThread] [DEBUG]:  https://p.calameoassets.com:443 "GET /170705151154-7edec46e3ad764e2b3960d4e0090136b/p20.jpg HTTP/1.1" 200 199734
31/05/2021 23:46:19 [MainThread] [INFO]:  Images successfully downloaded 20/20
31/05/2021 23:46:19 [MainThread] [INFO]:  Images successfully converted in PDF book
31/05/2021 23:46:19 [MainThread] [INFO]:  Cleanup done
